Arguments: 
  /Users/lamho/.nvm/versions/node/v15.0.0/bin/node /Users/lamho/.yarn/bin/yarn.js add @type/node

PATH: 
  /Users/lamho/.nvm/versions/node/v15.0.0/bin:/Users/lamho/.yarn/bin:/Users/lamho/.config/yarn/global/node_modules/.bin:/Users/lamho/.tnvm/versions/alinode/v3.8.0/bin:/Users/lamho/phantomjs/bin:/usr/local/mysql/bin:/usr/local/Cellar/sqlite/3.25.3/bin:/Users/lamho/Documents/android-sdk-macosx/platform-tools:/Users/lamho/Documents/android-sdk-macosx/tools:/usr/local/bin:/usr/bin:/bin:/usr/sbin:/sbin:/Library/Frameworks/Mono.framework/Versions/Current/Commands:/Users/lamho/Library/Android/sdk/tools:/Users/lamho/Library/Android/sdk/tools/bin:/Users/lamho/Library/Android/sdk/platform-tools:/Users/lamho/Library/Android/sdk/emulator:/Library/Java/JavaVirtualMachines/jdk-9.0.4.jdk/Contents/Home:/Library/Android/sdk/cmake/3.10.2.4988404/bin:/Users/lamho/flutter/bin:/Users/lamho/vcpkg

Yarn version: 
  1.22.5

Node version: 
  15.0.0

Platform: 
  darwin x64

Trace: 
  Error: https://registry.npm.taobao.org/@type%2fnode: [NOT_FOUND] @type/node not found
      at Request.params.callback [as _callback] (/Users/lamho/.yarn/lib/cli.js:66988:18)
      at Request.self.callback (/Users/lamho/.yarn/lib/cli.js:140749:22)
      at Request.emit (node:events:327:20)
      at Request.<anonymous> (/Users/lamho/.yarn/lib/cli.js:141721:10)
      at Request.emit (node:events:327:20)
      at Gunzip.<anonymous> (/Users/lamho/.yarn/lib/cli.js:141643:12)
      at Object.onceWrapper (node:events:433:28)
      at Gunzip.emit (node:events:327:20)
      at endReadableNT (node:internal/streams/readable:1289:12)
      at processTicksAndRejections (node:internal/process/task_queues:80:21)

npm manifest: 
  {
    "name": "@qmyx/bff-extend",
    "version": "1.0.0",
    "author": "danarrr",
    "description": "extend for bff",
    "main": "lib/index.js",
    "scripts": {
      "build": "yarn run tsc",
      "build:watch": "yarn run tsc --w"
    },
    "license": "ISC",
    "dependencies": {
      "axios": "^0.26.0",
      "typescript": "^4.6.2"
    }
  }

yarn manifest: 
  No manifest

Lockfile: 
  # THIS IS AN AUTOGENERATED FILE. DO NOT EDIT THIS FILE DIRECTLY.
  # yarn lockfile v1
  
  
  axios@^0.26.0:
    version "0.26.0"
    resolved "https://registry.npmmirror.com/axios/-/axios-0.26.0.tgz#9a318f1c69ec108f8cd5f3c3d390366635e13928"
    integrity sha512-lKoGLMYtHvFrPVt3r+RBMp9nh34N0M8zEfCWqdWZx6phynIEhQqAdydpyBAAG211zlhX9Rgu08cOamy6XjE5Og==
    dependencies:
      follow-redirects "^1.14.8"
  
  follow-redirects@^1.14.8:
    version "1.14.9"
    resolved "https://registry.npmmirror.com/follow-redirects/-/follow-redirects-1.14.9.tgz#dd4ea157de7bfaf9ea9b3fbd85aa16951f78d8d7"
    integrity sha512-MQDfihBQYMcyy5dhRDJUHcw7lb2Pv/TuE6xP1vyraLukNDHKbDxDNaOE3NbCAdKQApno+GPRyo1YAp89yCjK4w==
  
  typescript@^4.6.2:
    version "4.6.2"
    resolved "https://registry.npmmirror.com/typescript/-/typescript-4.6.2.tgz#fe12d2727b708f4eef40f51598b3398baa9611d4"
    integrity sha512-HM/hFigTBHZhLXshn9sN37H085+hQGeJHJ/X7LpBWLID/fbc2acUMfU+lGD98X81sKP+pFa9f0DZmCwB9GnbAg==
